<?xml version="1.0" encoding="UTF-8"?>
<!-- Generated by org.testng.reporters.JUnitReportReporter -->
<testsuite hostname="DESKTOP-B2O7F6V" failures="0" tests="1" name="Common.Common" time="9.996" errors="0" timestamp="08 May 2018 17:26:45 GMT" skipped="0">
  <testcase classname="Common.Common" name="LaunchBrowserAndURL" time="9.996"/>
</testsuite> <!-- Common.Common -->
