<?xml version="1.0" encoding="UTF-8"?>
<!-- Generated by org.testng.reporters.JUnitReportReporter -->
<testsuite hostname="DESKTOP-B2O7F6V" failures="0" tests="1" name="Common.Home" time="11.080" errors="0" timestamp="08 May 2018 17:26:45 GMT" skipped="0">
  <testcase classname="Common.Home" name="LaunchBrowserAndURL" time="11.080"/>
</testsuite> <!-- Common.Home -->
