<?xml version="1.0" encoding="UTF-8"?>
<!-- Generated by org.testng.reporters.JUnitReportReporter -->
<testsuite hostname="DESKTOP-B2O7F6V" failures="0" tests="1" name="TestCases.TC_002_ClickOnHomePage" time="13.195" errors="0" timestamp="10 May 2018 16:14:11 GMT" skipped="0">
  <testcase classname="TestCases.TC_002_ClickOnHomePage" name="ClickOnHomePages" time="13.195"/>
</testsuite> <!-- TestCases.TC_002_ClickOnHomePage -->
