<?xml version="1.0" encoding="UTF-8"?>
<!-- Generated by org.testng.reporters.JUnitReportReporter -->
<testsuite hostname="DESKTOP-B2O7F6V" failures="0" tests="1" name="TestCases.TC_001_OpenBrowserAndURL" time="11.998" errors="0" timestamp="10 May 2018 16:09:52 GMT" skipped="0">
  <testcase classname="TestCases.TC_001_OpenBrowserAndURL" name="openBrowserAndurl" time="11.998"/>
</testsuite> <!-- TestCases.TC_001_OpenBrowserAndURL -->
